<?xml version="1.0" encoding="UTF-8"?>
<!-- Generated by org.testng.reporters.JUnitReportReporter -->
<testsuite skipped="0" hostname="VPC079" name="Googlesearch.Search" tests="1" failures="0" timestamp="18 Sep 2019 05:59:42 GMT" time="24.986" errors="0">
  <testcase name="OpenBrowser" time="24.986" classname="Googlesearch.Search"/>
</testsuite> <!-- Googlesearch.Search -->
