<?xml version="1.0" encoding="UTF-8"?>
<!-- Generated by org.testng.reporters.JUnitReportReporter -->
<testsuite skipped="0" hostname="VPC079" name="testngsession.TestNGBasics" tests="1" failures="0" timestamp="17 Sep 2019 10:54:11 GMT" time="54.127" errors="0">
  <testcase name="verifylgoinFuntionality" time="54.127" classname="testngsession.TestNGBasics"/>
</testsuite> <!-- testngsession.TestNGBasics -->
