<?xml version="1.0" encoding="UTF-8"?>
<!-- Generated by org.testng.reporters.JUnitReportReporter -->
<testsuite skipped="0" hostname="VPC079" name="Googlesearch.Search" tests="1" failures="0" timestamp="23 Sep 2019 11:56:08 GMT" time="57.006" errors="0">
  <testcase name="OpenBrowser" time="57.006" classname="Googlesearch.Search"/>
</testsuite> <!-- Googlesearch.Search -->
