<?xml version="1.0" encoding="UTF-8"?>
<!-- Generated by org.testng.reporters.JUnitReportReporter -->
<testsuite skipped="0" hostname="VPC079" name="testngsession.Demowrok2" tests="1" failures="0" timestamp="05 Aug 2019 09:41:57 GMT" time="10.955" errors="0">
  <testcase name="f" time="10.955" classname="testngsession.Demowrok2"/>
</testsuite> <!-- testngsession.Demowrok2 -->
