<?xml version="1.0" encoding="UTF-8"?>
<!-- Generated by org.testng.reporters.JUnitReportReporter -->
<testsuite skipped="0" hostname="VPC079" name="testngsession.filepro" tests="1" failures="0" timestamp="16 Sep 2019 09:37:33 GMT" time="45.753" errors="0">
  <testcase name="f" time="45.753" classname="testngsession.filepro"/>
</testsuite> <!-- testngsession.filepro -->
